# JRE version: OpenJDK Runtime Environment Microsoft-8035246 (17.0.8+7) (build 17.0.8+7-LTS)
# Java VM: OpenJDK 64-Bit Server VM Microsoft-8035246 (17.0.8+7-LTS, mixed mode, sharing, tiered, compressed oops, compressed class ptrs, g1 gc, windows-amd64)
GC Precious Log:
 CPUs: 8 total, 8 available
 Memory: 16218M
 Large Page Support: Disabled
 NUMA Support: Disabled
 Compressed Oops: Enabled (32-bit)
 Heap Region Size: 1M
 Heap Min Capacity: 8M
 Heap Initial Capacity: 254M
 Heap Max Capacity: 2G
 Pre-touch: Disabled
 Parallel Workers: 8
 Concurrent Workers: 2
 Concurrent Refinement Workers: 8
 Periodic GC: Disabled
Heap:
 garbage-first heap   total 305152K, used 237899K [0x0000000080000000, 0x0000000100000000)
  region size 1024K, 36 young (36864K), 7 survivors (7168K)
 Metaspace       used 106407K, committed 107648K, reserved 557056K
  class space    used 14817K, committed 15360K, reserved 425984K
GC Heap History (20 events):
Event: 69.056 GC heap before
{Heap before GC invocations=54 (full 0):
 garbage-first heap   total 253952K, used 213111K [0x0000000080000000, 0x0000000100000000)
  region size 1024K, 34 young (34816K), 3 survivors (3072K)
 Metaspace       used 102343K, committed 103424K, reserved 557056K
  class space    used 14348K, committed 14848K, reserved 425984K
}
Event: 69.063 GC heap after
{Heap after GC invocations=55 (full 0):
 garbage-first heap   total 253952K, used 182462K [0x0000000080000000, 0x0000000100000000)
  region size 1024K, 4 young (4096K), 4 survivors (4096K)
 Metaspace       used 102343K, committed 103424K, reserved 557056K
  class space    used 14348K, committed 14848K, reserved 425984K
}
Event: 70.563 GC heap before
{Heap before GC invocations=55 (full 0):
 garbage-first heap   total 253952K, used 215230K [0x0000000080000000, 0x0000000100000000)
  region size 1024K, 36 young (36864K), 4 survivors (4096K)
 Metaspace       used 103776K, committed 104896K, reserved 557056K
  class space    used 14519K, committed 15040K, reserved 425984K
}
Event: 70.579 GC heap after
{Heap after GC invocations=56 (full 0):
 garbage-first heap   total 253952K, used 185548K [0x0000000080000000, 0x0000000100000000)
  region size 1024K, 5 young (5120K), 5 survivors (5120K)
 Metaspace       used 103776K, committed 104896K, reserved 557056K
  class space    used 14519K, committed 15040K, reserved 425984K
}
Event: 71.529 GC heap before
{Heap before GC invocations=56 (full 0):
 garbage-first heap   total 253952K, used 216268K [0x0000000080000000, 0x0000000100000000)
  region size 1024K, 35 young (35840K), 5 survivors (5120K)
 Metaspace       used 104805K, committed 105984K, reserved 557056K
  class space    used 14652K, committed 15168K, reserved 425984K
}
Event: 71.547 GC heap after
{Heap after GC invocations=57 (full 0):
 garbage-first heap   total 253952K, used 190396K [0x0000000080000000, 0x0000000100000000)
  region size 1024K, 5 young (5120K), 5 survivors (5120K)
 Metaspace       used 104805K, committed 105984K, reserved 557056K
  class space    used 14652K, committed 15168K, reserved 425984K
}
Event: 72.057 GC heap before
{Heap before GC invocations=57 (full 0):
 garbage-first heap   total 253952K, used 217020K [0x0000000080000000, 0x0000000100000000)
  region size 1024K, 31 young (31744K), 5 survivors (5120K)
 Metaspace       used 105124K, committed 106304K, reserved 557056K
  class space    used 14677K, committed 15232K, reserved 425984K
}
Event: 72.069 GC heap after
{Heap after GC invocations=58 (full 0):
 garbage-first heap   total 253952K, used 193968K [0x0000000080000000, 0x0000000100000000)
  region size 1024K, 4 young (4096K), 4 survivors (4096K)
 Metaspace       used 105124K, committed 106304K, reserved 557056K
  class space    used 14677K, committed 15232K, reserved 425984K
}
Event: 72.567 GC heap before
{Heap before GC invocations=58 (full 0):
 garbage-first heap   total 253952K, used 218544K [0x0000000080000000, 0x0000000100000000)
  region size 1024K, 28 young (28672K), 4 survivors (4096K)
 Metaspace       used 105224K, committed 106432K, reserved 557056K
  class space    used 14678K, committed 15232K, reserved 425984K
}
Event: 72.575 GC heap after
{Heap after GC invocations=59 (full 0):
 garbage-first heap   total 253952K, used 196063K [0x0000000080000000, 0x0000000100000000)
  region size 1024K, 3 young (3072K), 3 survivors (3072K)
 Metaspace       used 105224K, committed 106432K, reserved 557056K
  class space    used 14678K, committed 15232K, reserved 425984K
}
Event: 73.354 GC heap before
{Heap before GC invocations=59 (full 0):
 garbage-first heap   total 253952K, used 218591K [0x0000000080000000, 0x0000000100000000)
  region size 1024K, 25 young (25600K), 3 survivors (3072K)
 Metaspace       used 105301K, committed 106496K, reserved 557056K
  class space    used 14678K, committed 15232K, reserved 425984K
}
Event: 73.362 GC heap after
{Heap after GC invocations=60 (full 0):
 garbage-first heap   total 253952K, used 197743K [0x0000000080000000, 0x0000000100000000)
  region size 1024K, 4 young (4096K), 4 survivors (4096K)
 Metaspace       used 105301K, committed 106496K, reserved 557056K
  class space    used 14678K, committed 15232K, reserved 425984K
}
Event: 73.634 GC heap before
{Heap before GC invocations=60 (full 0):
 garbage-first heap   total 253952K, used 220271K [0x0000000080000000, 0x0000000100000000)
  region size 1024K, 26 young (26624K), 4 survivors (4096K)
 Metaspace       used 105639K, committed 106816K, reserved 557056K
  class space    used 14718K, committed 15296K, reserved 425984K
}
Event: 73.645 GC heap after
{Heap after GC invocations=61 (full 0):
 garbage-first heap   total 253952K, used 200475K [0x0000000080000000, 0x0000000100000000)
  region size 1024K, 4 young (4096K), 4 survivors (4096K)
 Metaspace       used 105639K, committed 106816K, reserved 557056K
  class space    used 14718K, committed 15296K, reserved 425984K
}
Event: 73.991 GC heap before
{Heap before GC invocations=61 (full 0):
 garbage-first heap   total 253952K, used 219931K [0x0000000080000000, 0x0000000100000000)
  region size 1024K, 24 young (24576K), 4 survivors (4096K)
 Metaspace       used 105992K, committed 107200K, reserved 557056K
  class space    used 14770K, committed 15360K, reserved 425984K
}
Event: 74.004 GC heap after
{Heap after GC invocations=62 (full 0):
 garbage-first heap   total 305152K, used 203085K [0x0000000080000000, 0x0000000100000000)
  region size 1024K, 3 young (3072K), 3 survivors (3072K)
 Metaspace       used 105992K, committed 107200K, reserved 557056K
  class space    used 14770K, committed 15360K, reserved 425984K
}
Event: 75.469 GC heap before
{Heap before GC invocations=62 (full 0):
 garbage-first heap   total 305152K, used 256333K [0x0000000080000000, 0x0000000100000000)
  region size 1024K, 56 young (57344K), 3 survivors (3072K)
 Metaspace       used 106401K, committed 107648K, reserved 557056K
  class space    used 14817K, committed 15360K, reserved 425984K
}
Event: 75.483 GC heap after
{Heap after GC invocations=63 (full 0):
 garbage-first heap   total 305152K, used 206016K [0x0000000080000000, 0x0000000100000000)
  region size 1024K, 6 young (6144K), 6 survivors (6144K)
 Metaspace       used 106401K, committed 107648K, reserved 557056K
  class space    used 14817K, committed 15360K, reserved 425984K
}
Event: 76.097 GC heap before
{Heap before GC invocations=63 (full 0):
 garbage-first heap   total 305152K, used 258240K [0x0000000080000000, 0x0000000100000000)
  region size 1024K, 58 young (59392K), 6 survivors (6144K)
 Metaspace       used 106407K, committed 107648K, reserved 557056K
  class space    used 14817K, committed 15360K, reserved 425984K
}
Event: 76.111 GC heap after
{Heap after GC invocations=64 (full 0):
 garbage-first heap   total 305152K, used 209227K [0x0000000080000000, 0x0000000100000000)
  region size 1024K, 7 young (7168K), 7 survivors (7168K)
 Metaspace       used 106407K, committed 107648K, reserved 557056K
  class space    used 14817K, committed 15360K, reserved 425984K
}

